<?xml version="1.0" encoding="UTF-8"?>
<!-- Generated by org.testng.reporters.JUnitReportReporter -->
<testsuite hostname="DESKTOP-8JGKH7G" failures="0" tests="1" name="com.webshops.testss.RegisterPageTests" time="14.664" errors="0" timestamp="2024-07-17T09:06:10 PDT" skipped="0">
  <testcase classname="com.webshops.testss.RegisterPageTests" name="testRegisterFunction" time="14.664"/>
</testsuite> <!-- com.webshops.testss.RegisterPageTests -->
