<?xml version="1.0" encoding="UTF-8"?>
<!-- Generated by org.testng.reporters.JUnitReportReporter -->
<testsuite hostname="DESKTOP-8JGKH7G" failures="0" tests="5" name="com.webshops.testss.LoginPageTest" time="79.911" errors="0" timestamp="2024-07-17T16:54:17 PDT" skipped="0">
  <testcase classname="com.webshops.testss.LoginPageTest" name="getLoginpageTitle" time="11.888"/>
  <testcase classname="com.webshops.testss.LoginPageTest" name="loginPageRemembermeCheckBox" time="15.399"/>
  <testcase classname="com.webshops.testss.LoginPageTest" name="isWelcometextisPresent" time="10.445"/>
  <testcase classname="com.webshops.testss.LoginPageTest" name="testForgotpasswordTextIsdisplayed" time="15.672"/>
  <testcase classname="com.webshops.testss.LoginPageTest" name="testLoginFunctions" time="26.507"/>
</testsuite> <!-- com.webshops.testss.LoginPageTest -->
