<?xml version="1.0" encoding="UTF-8"?>
<!-- Generated by org.testng.reporters.JUnitReportReporter -->
<testsuite hostname="DESKTOP-8JGKH7G" failures="0" tests="1" name="com.webshop.pagess.HomePages" time="10.198" errors="0" timestamp="2024-07-16T11:01:56 PDT" skipped="0">
  <testcase classname="com.webshop.pagess.HomePages" name="initializationofApplication" time="10.198"/>
</testsuite> <!-- com.webshop.pagess.HomePages -->
