<?xml version="1.0" encoding="UTF-8"?>
<!-- Generated by org.testng.reporters.JUnitReportReporter -->
<testsuite hostname="DESKTOP-8JGKH7G" failures="0" tests="1" name="com.webshop.bases.DriverScriptss" time="12.828" errors="0" timestamp="2024-07-16T11:01:56 PDT" skipped="0">
  <testcase classname="com.webshop.bases.DriverScriptss" name="initializationofApplication" time="12.828"/>
</testsuite> <!-- com.webshop.bases.DriverScriptss -->
